<?xml version="1.0" encoding="UTF-8"?>
<!-- Generated by org.testng.reporters.JUnitReportReporter -->
<testsuite hostname="DESKTOP-88FBP9B" failures="0" tests="1" name="com.example.MyconnectUAT.RegisterWithoutPayment_SBMC" time="51.345" errors="0" timestamp="2022-05-20T12:53:05 NPT" skipped="0">
  <testcase classname="com.example.MyconnectUAT.RegisterWithoutPayment_SBMC" name="testRegisterOnSubscriptionMemberTestCase" time="51.345"/>
  <system-out/>
</testsuite> <!-- com.example.MyconnectUAT.RegisterWithoutPayment_SBMC -->
