<?xml version="1.0" encoding="UTF-8"?>
<!-- Generated by org.testng.reporters.JUnitReportReporter -->
<testsuite hostname="DESKTOP-88FBP9B" failures="0" tests="1" name="com.example.MyconnectUAT.RegisterWithYearlyPayment_SBMC" time="79.075" errors="0" timestamp="2022-05-20T16:15:29 NPT" skipped="0">
  <testcase classname="com.example.MyconnectUAT.RegisterWithYearlyPayment_SBMC" name="testRegisterSBMC" time="79.075"/>
  <system-out/>
</testsuite> <!-- com.example.MyconnectUAT.RegisterWithYearlyPayment_SBMC -->
