<?xml version="1.0" encoding="UTF-8"?>
<!-- Generated by org.testng.reporters.JUnitReportReporter -->
<testsuite hostname="DESKTOP-88FBP9B" failures="0" tests="1" name="com.example.MyconnectUAT.RegisterWithoutPayment_OTMC" time="63.439" errors="0" timestamp="2022-05-20T11:56:23 NPT" skipped="0">
  <testcase classname="com.example.MyconnectUAT.RegisterWithoutPayment_OTMC" name="testRegisterOnOneTimeMemberWithoutPaymentTestCase" time="63.439"/>
  <system-out/>
</testsuite> <!-- com.example.MyconnectUAT.RegisterWithoutPayment_OTMC -->
