<?xml version="1.0" encoding="UTF-8"?>
<!-- Generated by org.testng.reporters.JUnitReportReporter -->
<testsuite hostname="DESKTOP-88FBP9B" failures="0" tests="1" name="com.example.MyconnectUAT.RegisterUsingVoucherCodeWithAmountTrailDaysSBMC" time="86.868" errors="0" timestamp="2022-05-20T17:35:00 NPT" skipped="0">
  <testcase classname="com.example.MyconnectUAT.RegisterUsingVoucherCodeWithAmountTrailDaysSBMC" name="testRegisterUsingVoucherCodeWithAmountTrailDaysSBMC" time="86.868"/>
  <system-out/>
</testsuite> <!-- com.example.MyconnectUAT.RegisterUsingVoucherCodeWithAmountTrailDaysSBMC -->
