<?xml version="1.0" encoding="UTF-8"?>
<!-- Generated by org.testng.reporters.JUnitReportReporter -->
<testsuite hostname="DESKTOP-88FBP9B" failures="0" tests="1" name="com.example.MyconnectUAT.RegisterWithPayment_SBMC" time="94.462" errors="0" timestamp="2022-05-20T14:08:42 NPT" skipped="0">
  <testcase classname="com.example.MyconnectUAT.RegisterWithPayment_SBMC" name="testRegisterOnSubscripitionWithPaymentTestCase" time="94.462"/>
  <system-out/>
</testsuite> <!-- com.example.MyconnectUAT.RegisterWithPayment_SBMC -->
