<?xml version="1.0" encoding="UTF-8"?>
<!-- Generated by org.testng.reporters.JUnitReportReporter -->
<testsuite hostname="DESKTOP-88FBP9B" failures="0" tests="1" name="com.example.MyconnectUAT.RegisterWithVoucherCode_OTMC" time="95.070" errors="0" timestamp="2022-05-20T13:58:26 NPT" skipped="0">
  <testcase classname="com.example.MyconnectUAT.RegisterWithVoucherCode_OTMC" name="initialize" time="95.070"/>
  <system-out/>
</testsuite> <!-- com.example.MyconnectUAT.RegisterWithVoucherCode_OTMC -->
