<?xml version="1.0" encoding="UTF-8"?>
<!-- Generated by org.testng.reporters.JUnitReportReporter -->
<testsuite hostname="DESKTOP-88FBP9B" failures="0" tests="1" name="com.example.tests.RegisterWithVoucherCodeSBMC" time="103.494" errors="0" timestamp="2022-05-20T16:40:57 NPT" skipped="0">
  <testcase classname="com.example.tests.RegisterWithVoucherCodeSBMC" name="testRegisterWithVoucherCodeSBMC" time="103.494"/>
  <system-out/>
</testsuite> <!-- com.example.tests.RegisterWithVoucherCodeSBMC -->
