<?xml version="1.0" encoding="UTF-8"?>
<!-- Generated by org.testng.reporters.JUnitReportReporter -->
<testsuite hostname="DESKTOP-88FBP9B" failures="0" tests="1" name="com.example.MyconnectUAT.Login_OneTimeMembershipChargeSetting" time="76.281" errors="0" timestamp="2022-05-20T12:33:17 NPT" skipped="0">
  <testcase classname="com.example.MyconnectUAT.Login_OneTimeMembershipChargeSetting" name="testLoginOnOneTimeMembersTestCase" time="76.281"/>
  <system-out/>
</testsuite> <!-- com.example.MyconnectUAT.Login_OneTimeMembershipChargeSetting -->
