<?xml version="1.0" encoding="UTF-8"?>
<!-- Generated by org.testng.reporters.JUnitReportReporter -->
<testsuite hostname="r2dak" failures="0" tests="1" name="com.example.MyconnectUAT.RegisterOnSubscripitionWithPaymentTestCase" time="102.341" errors="0" timestamp="2022-05-18T16:43:09 NPT" skipped="0">
  <testcase classname="com.example.MyconnectUAT.RegisterOnSubscripitionWithPaymentTestCase" name="testRegisterOnSubscripitionWithPaymentTestCase" time="102.341"/>
  <system-out/>
</testsuite> <!-- com.example.MyconnectUAT.RegisterOnSubscripitionWithPaymentTestCase -->
