<?xml version="1.0" encoding="UTF-8"?>
<!-- Generated by org.testng.reporters.JUnitReportReporter -->
<testsuite hostname="DESKTOP-88FBP9B" failures="0" tests="1" name="com.example.MyconnectUAT.RegisterOnNoMembershipChargeSettingTestCase" time="70.249" errors="0" timestamp="2022-05-12T09:41:22 NPT" skipped="0">
  <testcase classname="com.example.MyconnectUAT.RegisterOnNoMembershipChargeSettingTestCase" name="testRegisterOnNoMembershipChargeSettingTestCase" time="70.249"/>
  <system-out/>
</testsuite> <!-- com.example.MyconnectUAT.RegisterOnNoMembershipChargeSettingTestCase -->
