<?xml version="1.0" encoding="UTF-8"?>
<!-- Generated by org.testng.reporters.JUnitReportReporter -->
<testsuite hostname="DESKTOP-88FBP9B" failures="0" tests="1" name="com.example.MyconnectUAT.LoginOnNoMembershipChargeLearnerTestCase" time="36.534" errors="0" timestamp="2022-05-17T18:02:03 NPT" skipped="0">
  <testcase classname="com.example.MyconnectUAT.LoginOnNoMembershipChargeLearnerTestCase" name="testLoginOnNoMembershipChargeLearnerTestCase" time="36.534"/>
  <system-out/>
</testsuite> <!-- com.example.MyconnectUAT.LoginOnNoMembershipChargeLearnerTestCase -->
