<?xml version="1.0" encoding="UTF-8"?>
<!-- Generated by org.testng.reporters.JUnitReportReporter -->
<testsuite hostname="DESKTOP-88FBP9B" failures="0" tests="1" name="com.example.MyconnectUAT.Login_NoMembershipChargeSetting" time="30.727" errors="0" timestamp="2022-05-20T12:04:13 NPT" skipped="0">
  <testcase classname="com.example.MyconnectUAT.Login_NoMembershipChargeSetting" name="testLoginOnNoMembershipChargeLearnerTestCase" time="30.727"/>
  <system-out/>
</testsuite> <!-- com.example.MyconnectUAT.Login_NoMembershipChargeSetting -->
