<?xml version="1.0" encoding="UTF-8"?>
<!-- Generated by org.testng.reporters.JUnitReportReporter -->
<testsuite hostname="DESKTOP-88FBP9B" failures="0" tests="1" name="com.example.tests.RegisterSBMC" time="76.602" errors="0" timestamp="2022-05-20T16:06:30 NPT" skipped="0">
  <testcase classname="com.example.tests.RegisterSBMC" name="testRegisterSBMC" time="76.602"/>
  <system-out/>
</testsuite> <!-- com.example.tests.RegisterSBMC -->
