<?xml version="1.0" encoding="UTF-8"?>
<!-- Generated by org.testng.reporters.JUnitReportReporter -->
<testsuite hostname="DESKTOP-88FBP9B" failures="0" tests="1" name="com.example.MyconnectUAT.LoginOnOneTimeMembersTestCase" time="51.949" errors="0" timestamp="2022-05-18T13:13:10 NPT" skipped="0">
  <testcase classname="com.example.MyconnectUAT.LoginOnOneTimeMembersTestCase" name="testLoginOnOneTimeMembersTestCase" time="51.949"/>
  <system-out/>
</testsuite> <!-- com.example.MyconnectUAT.LoginOnOneTimeMembersTestCase -->
