<?xml version="1.0" encoding="UTF-8"?>
<!-- Generated by org.testng.reporters.JUnitReportReporter -->
<testsuite hostname="r2dak" failures="0" tests="1" name="com.example.MyconnectUAT.RegisterWithoutVoucherCodeYearly" time="86.599" errors="0" timestamp="2022-05-20T14:29:40 NPT" skipped="0">
  <testcase classname="com.example.MyconnectUAT.RegisterWithoutVoucherCodeYearly" name="initialize" time="86.599"/>
  <system-out/>
</testsuite> <!-- com.example.MyconnectUAT.RegisterWithoutVoucherCodeYearly -->
