<?xml version="1.0" encoding="UTF-8"?>
<!-- Generated by org.testng.reporters.JUnitReportReporter -->
<testsuite hostname="r2dak" failures="0" tests="1" name="com.example.MyconnectUAT.RegisterOnSubscripitionWithPaymentTestCase" time="96.351" errors="0" timestamp="2022-05-18T17:05:58 NPT" skipped="0">
  <testcase classname="com.example.MyconnectUAT.RegisterOnSubscripitionWithPaymentTestCase" name="testRegisterOnSubscripitionWithPaymentTestCase" time="96.351"/>
  <system-out/>
</testsuite> <!-- com.example.MyconnectUAT.RegisterOnSubscripitionWithPaymentTestCase -->
