<?xml version="1.0" encoding="UTF-8"?>
<!-- Generated by org.testng.reporters.JUnitReportReporter -->
<testsuite hostname="DESKTOP-88FBP9B" failures="0" tests="1" name="com.example.MyconnectUAT.RegisterUsingVoucherCodeWithPercentageTrailDaysSBMC" time="85.145" errors="0" timestamp="2022-05-20T17:58:01 NPT" skipped="0">
  <testcase classname="com.example.MyconnectUAT.RegisterUsingVoucherCodeWithPercentageTrailDaysSBMC" name="testRegisterUsingVoucherCodeWithPercentageTrailDaysSBMC" time="85.145"/>
  <system-out/>
</testsuite> <!-- com.example.MyconnectUAT.RegisterUsingVoucherCodeWithPercentageTrailDaysSBMC -->
