<?xml version="1.0" encoding="UTF-8"?>
<!-- Generated by org.testng.reporters.JUnitReportReporter -->
<<<<<<< HEAD
<testsuite hostname="r2dak" failures="0" tests="1" name="com.example.MyconnectUAT.LoginOnNoMembershipChargeLearnerTestCase" time="31.767" errors="0" timestamp="2022-05-17T14:14:40 NPT" skipped="0">
  <testcase classname="com.example.MyconnectUAT.LoginOnNoMembershipChargeLearnerTestCase" name="testLoginOnNoMembershipChargeLearnerTestCase" time="31.767"/>
=======
<testsuite hostname="DESKTOP-88FBP9B" failures="0" tests="1" name="com.example.MyconnectUAT.LoginOnNoMembershipChargeLearnerTestCase" time="36.534" errors="0" timestamp="2022-05-17T18:02:03 NPT" skipped="0">
  <testcase classname="com.example.MyconnectUAT.LoginOnNoMembershipChargeLearnerTestCase" name="testLoginOnNoMembershipChargeLearnerTestCase" time="36.534"/>
>>>>>>> ce69e4693926ae235c96597b6d44f25e17a3afcd
  <system-out/>
</testsuite> <!-- com.example.MyconnectUAT.LoginOnNoMembershipChargeLearnerTestCase -->
